<?xml version="1.0" encoding="UTF-8"?>
<!-- Generated by org.testng.reporters.JUnitReportReporter -->
<testsuite hostname="AlamFaleela" failures="0" tests="6" name="api.test.DDTTests" time="15.659" errors="0" timestamp="2023-09-19T20:50:48 IST" skipped="0">
  <testcase classname="api.test.DDTTests" name="testPostUser" time="5.315"/>
  <system-out/>
  <testcase classname="api.test.DDTTests" name="testPostUser" time="2.045"/>
  <system-out/>
  <testcase classname="api.test.DDTTests" name="testPostUser" time="1.973"/>
  <system-out/>
  <testcase classname="api.test.DDTTests" name="testDeleteUser" time="2.047"/>
  <system-out/>
  <testcase classname="api.test.DDTTests" name="testDeleteUser" time="2.130"/>
  <system-out/>
  <testcase classname="api.test.DDTTests" name="testDeleteUser" time="2.149"/>
  <system-out/>
</testsuite> <!-- api.test.DDTTests -->
