<?xml version="1.0" encoding="UTF-8"?>
<!-- Generated by org.testng.reporters.JUnitReportReporter -->
<testsuite hostname="AlamFaleela" failures="0" tests="4" name="api.test.UserTests" time="9.048" errors="0" timestamp="2023-09-20T08:35:42 IST" skipped="0">
  <testcase classname="api.test.UserTests" name="testPostUser" time="4.193"/>
  <system-out/>
  <testcase classname="api.test.UserTests" name="testReadUser" time="1.587"/>
  <system-out/>
  <testcase classname="api.test.UserTests" name="testUpdateUser" time="1.630"/>
  <system-out/>
  <testcase classname="api.test.UserTests" name="testDeleteUser" time="1.638"/>
  <system-out/>
</testsuite> <!-- api.test.UserTests -->
