<?xml version="1.0" encoding="UTF-8"?>
<!-- Generated by org.testng.reporters.JUnitReportReporter -->
<testsuite hostname="AlamFaleela" failures="0" tests="4" name="api.test.UserTests2" time="9.413" errors="0" timestamp="2023-09-20T12:59:24 IST" skipped="0">
  <testcase classname="api.test.UserTests2" name="testPostUser" time="4.355"/>
  <system-out/>
  <testcase classname="api.test.UserTests2" name="testReadUser" time="1.689"/>
  <system-out/>
  <testcase classname="api.test.UserTests2" name="testUpdateUser" time="1.733"/>
  <system-out/>
  <testcase classname="api.test.UserTests2" name="testDeleteUser" time="1.636"/>
  <system-out/>
</testsuite> <!-- api.test.UserTests2 -->
