<?xml version="1.0" encoding="UTF-8"?>
<!-- Generated by org.testng.reporters.JUnitReportReporter -->
<testsuite hostname="AlamFaleela" failures="0" tests="4" name="api.test.UserTests2" time="8.006" errors="0" timestamp="2023-09-20T13:47:47 IST" skipped="0">
  <testcase classname="api.test.UserTests2" name="testPostUser" time="3.011"/>
  <system-out/>
  <testcase classname="api.test.UserTests2" name="testReadUser" time="1.732"/>
  <system-out/>
  <testcase classname="api.test.UserTests2" name="testUpdateUser" time="1.628"/>
  <system-out/>
  <testcase classname="api.test.UserTests2" name="testDeleteUser" time="1.635"/>
  <system-out/>
</testsuite> <!-- api.test.UserTests2 -->
